2024-12-10 23:09:49,352 [WARNING] django.request: Unauthorized: /user/token/
2024-12-10 23:10:28,103 [WARNING] django.request: Unauthorized: /user/token/
2024-12-10 23:11:36,445 [INFO] django.utils.autoreload: /Users/lzandaribaev/Desktop/WEB/projects/Golazo/golazo_proj/golazo_proj/settings.py changed, reloading.
2024-12-10 23:12:25,642 [INFO] django.utils.autoreload: /Users/lzandaribaev/Desktop/WEB/projects/Golazo/golazo_proj/clubs/views.py changed, reloading.
2024-12-10 23:48:13,510 [ERROR] django.request: Internal Server Error: /
Traceback (most recent call last):
  File "/Users/lzandaribaev/Desktop/WEB/projects/Golazo/golazo_proj/venv/lib/python3.12/site-packages/django/core/handlers/exception.py", line 55, in inner
    response = get_response(request)
               ^^^^^^^^^^^^^^^^^^^^^
  File "/Users/lzandaribaev/Desktop/WEB/projects/Golazo/golazo_proj/venv/lib/python3.12/site-packages/django/core/handlers/base.py", line 197, in _get_response
    response = wrapped_callback(request, *callback_args, **callback_kwargs)
               ^^^^^^^^^^^^^^^^^^^^^^^^^^^^^^^^^^^^^^^^^^^^^^^^^^^^^^^^^^^^
  File "/Users/lzandaribaev/Desktop/WEB/projects/Golazo/golazo_proj/players/views.py", line 27, in home
    return render(request, 'home.html', context)
           ^^^^^^^^^^^^^^^^^^^^^^^^^^^^^^^^^^^^^
  File "/Users/lzandaribaev/Desktop/WEB/projects/Golazo/golazo_proj/venv/lib/python3.12/site-packages/django/shortcuts.py", line 25, in render
    content = loader.render_to_string(template_name, context, request, using=using)
              ^^^^^^^^^^^^^^^^^^^^^^^^^^^^^^^^^^^^^^^^^^^^^^^^^^^^^^^^^^^^^^^^^^^^^
  File "/Users/lzandaribaev/Desktop/WEB/projects/Golazo/golazo_proj/venv/lib/python3.12/site-packages/django/template/loader.py", line 62, in render_to_string
    return template.render(context, request)
           ^^^^^^^^^^^^^^^^^^^^^^^^^^^^^^^^^
  File "/Users/lzandaribaev/Desktop/WEB/projects/Golazo/golazo_proj/venv/lib/python3.12/site-packages/django/template/backends/django.py", line 107, in render
    return self.template.render(context)
           ^^^^^^^^^^^^^^^^^^^^^^^^^^^^^
  File "/Users/lzandaribaev/Desktop/WEB/projects/Golazo/golazo_proj/venv/lib/python3.12/site-packages/django/template/base.py", line 171, in render
    return self._render(context)
           ^^^^^^^^^^^^^^^^^^^^^
  File "/Users/lzandaribaev/Desktop/WEB/projects/Golazo/golazo_proj/venv/lib/python3.12/site-packages/django/template/base.py", line 163, in _render
    return self.nodelist.render(context)
           ^^^^^^^^^^^^^^^^^^^^^^^^^^^^^
  File "/Users/lzandaribaev/Desktop/WEB/projects/Golazo/golazo_proj/venv/lib/python3.12/site-packages/django/template/base.py", line 1008, in render
    return SafeString("".join([node.render_annotated(context) for node in self]))
                               ^^^^^^^^^^^^^^^^^^^^^^^^^^^^^^
  File "/Users/lzandaribaev/Desktop/WEB/projects/Golazo/golazo_proj/venv/lib/python3.12/site-packages/django/template/base.py", line 969, in render_annotated
    return self.render(context)
           ^^^^^^^^^^^^^^^^^^^^
  File "/Users/lzandaribaev/Desktop/WEB/projects/Golazo/golazo_proj/venv/lib/python3.12/site-packages/django/template/loader_tags.py", line 159, in render
    return compiled_parent._render(context)
           ^^^^^^^^^^^^^^^^^^^^^^^^^^^^^^^^
  File "/Users/lzandaribaev/Desktop/WEB/projects/Golazo/golazo_proj/venv/lib/python3.12/site-packages/django/template/base.py", line 163, in _render
    return self.nodelist.render(context)
           ^^^^^^^^^^^^^^^^^^^^^^^^^^^^^
  File "/Users/lzandaribaev/Desktop/WEB/projects/Golazo/golazo_proj/venv/lib/python3.12/site-packages/django/template/base.py", line 1008, in render
    return SafeString("".join([node.render_annotated(context) for node in self]))
                               ^^^^^^^^^^^^^^^^^^^^^^^^^^^^^^
  File "/Users/lzandaribaev/Desktop/WEB/projects/Golazo/golazo_proj/venv/lib/python3.12/site-packages/django/template/base.py", line 969, in render_annotated
    return self.render(context)
           ^^^^^^^^^^^^^^^^^^^^
  File "/Users/lzandaribaev/Desktop/WEB/projects/Golazo/golazo_proj/venv/lib/python3.12/site-packages/django/template/defaulttags.py", line 327, in render
    return nodelist.render(context)
           ^^^^^^^^^^^^^^^^^^^^^^^^
  File "/Users/lzandaribaev/Desktop/WEB/projects/Golazo/golazo_proj/venv/lib/python3.12/site-packages/django/template/base.py", line 1008, in render
    return SafeString("".join([node.render_annotated(context) for node in self]))
                               ^^^^^^^^^^^^^^^^^^^^^^^^^^^^^^
  File "/Users/lzandaribaev/Desktop/WEB/projects/Golazo/golazo_proj/venv/lib/python3.12/site-packages/django/template/base.py", line 969, in render_annotated
    return self.render(context)
           ^^^^^^^^^^^^^^^^^^^^
  File "/Users/lzandaribaev/Desktop/WEB/projects/Golazo/golazo_proj/venv/lib/python3.12/site-packages/django/template/defaulttags.py", line 480, in render
    url = reverse(view_name, args=args, kwargs=kwargs, current_app=current_app)
          ^^^^^^^^^^^^^^^^^^^^^^^^^^^^^^^^^^^^^^^^^^^^^^^^^^^^^^^^^^^^^^^^^^^^^
  File "/Users/lzandaribaev/Desktop/WEB/projects/Golazo/golazo_proj/venv/lib/python3.12/site-packages/django/urls/base.py", line 88, in reverse
    return resolver._reverse_with_prefix(view, prefix, *args, **kwargs)
           ^^^^^^^^^^^^^^^^^^^^^^^^^^^^^^^^^^^^^^^^^^^^^^^^^^^^^^^^^^^^
  File "/Users/lzandaribaev/Desktop/WEB/projects/Golazo/golazo_proj/venv/lib/python3.12/site-packages/django/urls/resolvers.py", line 831, in _reverse_with_prefix
    raise NoReverseMatch(msg)
django.urls.exceptions.NoReverseMatch: Reverse for 'login' not found. 'login' is not a valid view function or pattern name.
2024-12-10 23:48:13,843 [WARNING] django.request: Not Found: /favicon.ico
2024-12-10 23:48:49,292 [INFO] django.utils.autoreload: /Users/lzandaribaev/Desktop/WEB/projects/Golazo/golazo_proj/user_profiles/views.py changed, reloading.
2024-12-10 23:50:21,242 [INFO] django.utils.autoreload: /Users/lzandaribaev/Desktop/WEB/projects/Golazo/golazo_proj/article/admin.py changed, reloading.
2024-12-10 23:51:18,956 [INFO] django.utils.autoreload: /Users/lzandaribaev/Desktop/WEB/projects/Golazo/golazo_proj/article/admin.py changed, reloading.
2024-12-10 23:54:17,019 [INFO] django.utils.autoreload: /Users/lzandaribaev/Desktop/WEB/projects/Golazo/golazo_proj/user_profiles/serializers.py changed, reloading.
2024-12-10 23:54:32,072 [INFO] django.utils.autoreload: /Users/lzandaribaev/Desktop/WEB/projects/Golazo/golazo_proj/user_profiles/views.py changed, reloading.
2024-12-10 23:54:43,976 [INFO] django.utils.autoreload: /Users/lzandaribaev/Desktop/WEB/projects/Golazo/golazo_proj/user_profiles/urls.py changed, reloading.
2024-12-10 23:55:20,579 [INFO] articles: Article list accessed.
2024-12-10 23:56:24,847 [INFO] articles: Article list accessed.
2024-12-10 23:57:04,773 [INFO] django.utils.autoreload: /Users/lzandaribaev/Desktop/WEB/projects/Golazo/golazo_proj/article/views.py changed, reloading.
2024-12-11 00:00:59,015 [INFO] django.utils.autoreload: /Users/lzandaribaev/Desktop/WEB/projects/Golazo/golazo_proj/article/views.py changed, reloading.
2024-12-11 00:01:25,060 [INFO] articles: Article list accessed.
2024-12-11 00:01:31,184 [INFO] articles: Comment created on article 'CR7' by user 'Alzhan'.
2024-12-11 00:01:44,041 [INFO] articles: Article list accessed.
2024-12-11 00:02:32,027 [INFO] django.utils.autoreload: /Users/lzandaribaev/Desktop/WEB/projects/Golazo/golazo_proj/user_profiles/views.py changed, reloading.
2024-12-11 00:02:39,816 [INFO] django.utils.autoreload: /Users/lzandaribaev/Desktop/WEB/projects/Golazo/golazo_proj/user_profiles/serializers.py changed, reloading.
2024-12-11 00:08:35,969 [INFO] django.utils.autoreload: /Users/lzandaribaev/Desktop/WEB/projects/Golazo/golazo_proj/leagues/views.py changed, reloading.
2024-12-11 00:08:51,004 [INFO] django.utils.autoreload: /Users/lzandaribaev/Desktop/WEB/projects/Golazo/golazo_proj/leagues/urls.py changed, reloading.
2024-12-11 00:10:23,139 [INFO] leagues.views: Randomized past results for league LaLiga up to 2024-12-11. Matches updated: 338
2024-12-11 05:18:01,825 [INFO] articles: User '' attempting to create an article via API.
2024-12-11 05:18:01,826 [INFO] articles: User '' attempting to create an article via API.
2024-12-11 05:18:48,096 [INFO] django.utils.autoreload: C:\Users\User\Desktop\group\Golazo\golazo_proj\article\serializers.py changed, reloading.
2024-12-11 05:18:53,916 [INFO] django.utils.autoreload: C:\Users\User\Desktop\group\Golazo\golazo_proj\article\serializers.py changed, reloading.
2024-12-11 05:20:28,738 [WARNING] django.request: Unauthorized: /leagues/matches/
2024-12-11 05:25:32,033 [WARNING] django.request: Not Found: /‰ÛÙÔ„Û˚
2024-12-11 05:25:46,183 [WARNING] django.request: Unauthorized: /leagues/matches/
2024-12-11 05:26:05,125 [WARNING] django.request: Unauthorized: /leagues/leagues/
2024-12-11 05:26:07,524 [WARNING] django.request: Unauthorized: /leagues/standings/
2024-12-11 05:29:28,381 [INFO] django.utils.autoreload: C:\Users\User\Desktop\group\Golazo\golazo_proj\leagues\views.py changed, reloading.
2024-12-11 05:34:07,614 [INFO] django.utils.autoreload: C:\Users\User\Desktop\group\Golazo\golazo_proj\leagues\views.py changed, reloading.
2024-12-11 05:34:11,272 [INFO] django.utils.autoreload: C:\Users\User\Desktop\group\Golazo\golazo_proj\leagues\views.py changed, reloading.
2024-12-11 05:43:05,223 [WARNING] django.request: Bad Request: /leagues/leagues/
2024-12-11 06:20:13,956 [WARNING] django.request: Not Found: /broadcast
2024-12-11 06:20:31,921 [INFO] django.utils.autoreload: C:\Users\User\Desktop\group\Golazo\golazo_proj\golazo_proj\urls.py changed, reloading.
2024-12-11 06:21:11,565 [WARNING] django.request: Not Found: /broadcast
2024-12-11 06:21:23,135 [WARNING] django.request: Not Found: /broadcasts/1/
2024-12-11 06:22:49,815 [INFO] django.utils.autoreload: C:\Users\User\Desktop\group\Golazo\golazo_proj\broadcasts\admin.py changed, reloading.
2024-12-11 06:22:56,783 [INFO] django.utils.autoreload: C:\Users\User\Desktop\group\Golazo\golazo_proj\broadcasts\admin.py changed, reloading.
2024-12-11 06:23:00,089 [INFO] django.utils.autoreload: C:\Users\User\Desktop\group\Golazo\golazo_proj\broadcasts\admin.py changed, reloading.
2024-12-11 06:23:05,891 [INFO] django.utils.autoreload: C:\Users\User\Desktop\group\Golazo\golazo_proj\broadcasts\admin.py changed, reloading.
2024-12-11 06:24:04,135 [INFO] django.utils.autoreload: C:\Users\User\Desktop\group\Golazo\golazo_proj\broadcasts\admin.py changed, reloading.
2024-12-11 06:24:06,810 [INFO] django.utils.autoreload: C:\Users\User\Desktop\group\Golazo\golazo_proj\broadcasts\admin.py changed, reloading.
2024-12-11 06:24:25,432 [INFO] django.utils.autoreload: C:\Users\User\Desktop\group\Golazo\golazo_proj\broadcasts\admin.py changed, reloading.
2024-12-11 06:24:31,807 [INFO] django.utils.autoreload: C:\Users\User\Desktop\group\Golazo\golazo_proj\broadcasts\admin.py changed, reloading.
2024-12-11 06:24:38,549 [INFO] django.utils.autoreload: C:\Users\User\Desktop\group\Golazo\golazo_proj\broadcasts\admin.py changed, reloading.
2024-12-11 06:25:04,817 [INFO] django.utils.autoreload: C:\Users\User\Desktop\group\Golazo\golazo_proj\broadcasts\admin.py changed, reloading.
2024-12-11 06:25:08,628 [INFO] django.utils.autoreload: C:\Users\User\Desktop\group\Golazo\golazo_proj\broadcasts\admin.py changed, reloading.
2024-12-11 06:25:12,091 [INFO] django.utils.autoreload: C:\Users\User\Desktop\group\Golazo\golazo_proj\broadcasts\admin.py changed, reloading.
2024-12-11 06:25:15,531 [INFO] django.utils.autoreload: C:\Users\User\Desktop\group\Golazo\golazo_proj\broadcasts\admin.py changed, reloading.
2024-12-11 06:25:31,200 [INFO] django.utils.autoreload: C:\Users\User\Desktop\group\Golazo\golazo_proj\broadcasts\admin.py changed, reloading.
2024-12-11 06:25:42,274 [INFO] django.utils.autoreload: C:\Users\User\Desktop\group\Golazo\golazo_proj\broadcasts\admin.py changed, reloading.
2024-12-11 04:14:34,097 [WARNING] django.request: Not Found: /accounts/login/
2024-12-11 04:15:28,849 [WARNING] django.request: Not Found: /article
2024-12-11 04:15:33,254 [INFO] articles: Article list accessed.
2024-12-11 04:43:57,617 [WARNING] django.request: Not Found: /players/
2024-12-11 04:44:00,415 [WARNING] django.request: Not Found: /players/
2024-12-11 04:44:58,955 [WARNING] django.request: Not Found: /players/
2024-12-11 04:45:00,519 [WARNING] django.request: Not Found: /players/
2024-12-11 04:45:01,776 [WARNING] django.request: Not Found: /players/
2024-12-11 04:45:02,307 [WARNING] django.request: Not Found: /players/
2024-12-11 04:46:33,411 [WARNING] django.request: Not Found: /players/
2024-12-11 04:46:33,717 [WARNING] django.request: Not Found: /players/
2024-12-11 04:47:17,083 [WARNING] django.request: Not Found: /players/
2024-12-11 04:47:17,789 [WARNING] django.request: Not Found: /players/
2024-12-11 04:47:18,242 [WARNING] django.request: Not Found: /players/
2024-12-11 04:47:18,676 [WARNING] django.request: Not Found: /players/
2024-12-11 04:47:19,451 [WARNING] django.request: Not Found: /players/
2024-12-11 04:50:38,915 [WARNING] django.request: Not Found: /players/
2024-12-11 04:50:38,981 [WARNING] django.request: Not Found: /players/
2024-12-11 04:50:39,128 [WARNING] django.request: Not Found: /players/
2024-12-11 04:50:39,223 [WARNING] django.request: Not Found: /players/
2024-12-11 04:50:39,767 [WARNING] django.request: Not Found: /players/
2024-12-11 04:50:39,975 [WARNING] django.request: Not Found: /players/
2024-12-11 04:50:40,102 [WARNING] django.request: Not Found: /players/
2024-12-11 04:50:40,259 [WARNING] django.request: Not Found: /players/
2024-12-11 04:51:33,176 [WARNING] django.request: Not Found: /players/
2024-12-11 04:51:33,327 [WARNING] django.request: Not Found: /players/
2024-12-11 04:51:33,562 [WARNING] django.request: Not Found: /players/
2024-12-11 04:51:33,636 [WARNING] django.request: Not Found: /players/
2024-12-11 04:51:33,698 [WARNING] django.request: Not Found: /players/
2024-12-11 04:51:33,821 [WARNING] django.request: Not Found: /players/
2024-12-11 04:51:33,862 [WARNING] django.request: Not Found: /players/
2024-12-11 04:52:26,984 [WARNING] django.request: Not Found: /players/
2024-12-11 04:52:27,355 [WARNING] django.request: Not Found: /players/
2024-12-11 04:52:27,960 [WARNING] django.request: Not Found: /players/
2024-12-11 04:52:28,281 [WARNING] django.request: Not Found: /players/
2024-12-11 04:52:28,926 [WARNING] django.request: Not Found: /players/
2024-12-11 04:54:03,083 [WARNING] django.request: Unauthorized: /leagues/matches/
2024-12-11 04:54:14,817 [WARNING] django.request: Unauthorized: /leagues/matches/
2024-12-11 04:55:59,900 [WARNING] django.request: Unauthorized: /leagues/matches/
2024-12-11 04:56:15,922 [WARNING] django.request: Not Found: /user/token/
2024-12-11 04:56:46,614 [WARNING] django.request: Not Found: /user/token/
2024-12-11 04:58:54,390 [WARNING] django.request: Unauthorized: /user/api/token/
2024-12-11 04:59:08,589 [WARNING] django.request: Unauthorized: /user/api/token/
2024-12-11 05:00:57,068 [WARNING] django.request: Unauthorized: /leagues/matches/
2024-12-11 05:03:26,926 [WARNING] django.request: Unauthorized: /leagues/matches/
2024-12-11 05:04:11,552 [WARNING] django.request: Unauthorized: /leagues/matches/
2024-12-11 05:05:15,305 [WARNING] django.request: Unauthorized: /leagues/matches/
2024-12-11 05:05:17,246 [WARNING] django.request: Unauthorized: /leagues/matches/
2024-12-11 05:06:14,181 [WARNING] django.request: Forbidden: /leagues/matches/
2024-12-11 05:06:16,119 [WARNING] django.request: Forbidden: /leagues/matches/
2024-12-11 05:08:53,932 [WARNING] django.request: Forbidden: /leagues/matches/
2024-12-11 05:08:55,927 [WARNING] django.request: Forbidden: /leagues/matches/
2024-12-11 05:11:39,019 [WARNING] django.request: Forbidden: /leagues/matches/
2024-12-11 05:11:46,745 [WARNING] django.request: Forbidden: /leagues/matches/
2024-12-11 05:12:08,667 [WARNING] django.request: Forbidden: /leagues/matches/
2024-12-11 05:13:08,457 [WARNING] django.request: Forbidden: /leagues/matches/
2024-12-11 05:13:51,101 [WARNING] django.request: Forbidden: /leagues/matches/
2024-12-11 05:13:54,245 [WARNING] django.request: Forbidden: /leagues/matches/
2024-12-11 05:14:13,639 [WARNING] django.request: Forbidden: /leagues/matches/
2024-12-11 05:14:15,787 [WARNING] django.request: Forbidden: /leagues/matches/
2024-12-11 05:24:10,997 [WARNING] django.request: Forbidden: /leagues/matches/
2024-12-11 05:24:48,797 [INFO] django.utils.autoreload: /Users/kalkadam/Desktop/Golazo/golazo_proj/leagues/views.py changed, reloading.
2024-12-11 05:27:27,551 [INFO] articles: User '' attempting to create an article via API.
2024-12-11 05:27:27,556 [INFO] articles: User '' attempting to create an article via API.
2024-12-11 05:30:55,406 [WARNING] django.request: Not Found: /accounts/login/
2024-12-11 05:31:02,435 [WARNING] django.request: Not Found: /accounts/login/
2024-12-11 05:31:16,778 [WARNING] django.request: Not Found: /accounts/login/
2024-12-11 05:31:27,126 [WARNING] django.request: Not Found: /accounts/login/
2024-12-11 05:31:35,585 [WARNING] django.request: Not Found: /accounts/login/
2024-12-11 05:41:25,036 [WARNING] django.request: Not Found: /players/
2024-12-11 05:41:25,416 [WARNING] django.request: Not Found: /players/
2024-12-11 05:41:30,255 [WARNING] django.request: Not Found: /players/
2024-12-11 05:41:30,409 [WARNING] django.request: Not Found: /players/
2024-12-11 05:54:03,120 [WARNING] django.request: Not Found: /admins
