Accessed home page: valuable and young players listed.
Accessed home page: valuable and young players listed.
Accessed home page: valuable and young players listed.
Accessed home page: valuable and young players listed.
Accessed home page: valuable and young players listed.
Accessed home page: valuable and young players listed.
2024-12-10 23:48:13,461 [INFO] players: Accessed home page: valuable and young players listed.
2024-12-10 23:54:47,794 [INFO] players: Accessed home page: valuable and young players listed.
2024-12-10 23:54:55,211 [INFO] players: API accessed: Full player list.
2024-12-10 23:55:08,014 [INFO] players: Accessed home page: valuable and young players listed.
2024-12-10 23:55:11,120 [INFO] players: Accessed home page: valuable and young players listed.
2024-12-10 23:56:28,865 [INFO] players: Accessed home page: valuable and young players listed.
2024-12-10 23:57:35,182 [INFO] players: Accessed home page: valuable and young players listed.
2024-12-10 23:57:40,209 [INFO] players: Accessed home page: valuable and young players listed.
2024-12-11 00:01:31,187 [INFO] players: Accessed home page: valuable and young players listed.
2024-12-11 00:02:52,592 [INFO] players: API accessed: Full player list.
2024-12-11 00:03:25,539 [INFO] players: API accessed: Full player list.
2024-12-11 00:06:46,559 [INFO] players: API accessed: Full player list.
2024-12-11 00:08:53,645 [INFO] players: Accessed home page: valuable and young players listed.
2024-12-11 04:14:27,875 [INFO] players: Accessed home page: valuable and young players listed.
2024-12-11 04:14:59,175 [INFO] players: Accessed home page: valuable and young players listed.
2024-12-11 04:30:22,361 [INFO] players: API accessed: List of valuable players.
2024-12-11 04:30:22,410 [INFO] players: API accessed: List of young players.
2024-12-11 04:30:26,902 [INFO] players: API accessed: List of valuable players.
2024-12-11 04:30:26,924 [INFO] players: API accessed: List of young players.
2024-12-11 04:30:27,293 [INFO] players: API accessed: List of valuable players.
2024-12-11 04:30:27,309 [INFO] players: API accessed: List of young players.
2024-12-11 04:30:27,789 [INFO] players: API accessed: List of valuable players.
2024-12-11 04:30:27,806 [INFO] players: API accessed: List of young players.
2024-12-11 04:30:28,697 [INFO] players: API accessed: Full player list.
2024-12-11 04:33:13,530 [INFO] players: Player details accessed: Harry Kane (ID: 1)
2024-12-11 04:33:15,388 [INFO] players: API accessed: Full player list.
2024-12-11 04:33:17,527 [INFO] players: API accessed: List of young players.
2024-12-11 04:34:03,852 [INFO] players: API accessed: Full player list.
2024-12-11 04:34:06,378 [INFO] players: API accessed: List of valuable players.
2024-12-11 04:34:07,725 [INFO] players: API accessed: List of valuable players.
2024-12-11 04:34:07,752 [INFO] players: API accessed: List of young players.
2024-12-11 04:34:10,784 [INFO] players: API accessed: List of valuable players.
2024-12-11 04:34:10,810 [INFO] players: API accessed: List of young players.
2024-12-11 04:34:12,699 [INFO] players: API accessed: Full player list.
2024-12-11 04:34:20,107 [INFO] players: API accessed: Full player list.
2024-12-11 04:34:21,029 [INFO] players: API accessed: Full player list.
2024-12-11 04:34:21,596 [INFO] players: API accessed: Full player list.
2024-12-11 04:34:22,059 [INFO] players: API accessed: Full player list.
2024-12-11 04:34:24,076 [INFO] players: API accessed: Full player list.
2024-12-11 04:34:24,513 [INFO] players: API accessed: Full player list.
2024-12-11 04:34:24,762 [INFO] players: API accessed: Full player list.
2024-12-11 04:34:25,029 [INFO] players: API accessed: Full player list.
2024-12-11 04:34:25,277 [INFO] players: API accessed: Full player list.
2024-12-11 04:34:25,493 [INFO] players: API accessed: Full player list.
2024-12-11 04:34:26,078 [INFO] players: API accessed: Full player list.
2024-12-11 04:34:26,429 [INFO] players: API accessed: Full player list.
2024-12-11 04:34:26,596 [INFO] players: API accessed: Full player list.
2024-12-11 04:34:26,742 [INFO] players: API accessed: Full player list.
2024-12-11 04:34:27,806 [INFO] players: API accessed: Full player list.
2024-12-11 04:34:29,929 [INFO] players: API accessed: Full player list.
2024-12-11 04:34:30,162 [INFO] players: API accessed: Full player list.
2024-12-11 04:34:30,325 [INFO] players: API accessed: Full player list.
2024-12-11 04:34:30,680 [INFO] players: API accessed: Full player list.
2024-12-11 04:34:30,863 [INFO] players: API accessed: Full player list.
2024-12-11 04:43:57,611 [INFO] players: API accessed: Full player list.
2024-12-11 04:44:00,414 [INFO] players: API accessed: Full player list.
2024-12-11 04:44:58,949 [INFO] players: API accessed: Full player list.
2024-12-11 04:45:00,518 [INFO] players: API accessed: Full player list.
2024-12-11 04:45:01,773 [INFO] players: API accessed: Full player list.
2024-12-11 04:45:02,306 [INFO] players: API accessed: Full player list.
2024-12-11 04:46:33,407 [INFO] players: API accessed: Full player list.
2024-12-11 04:46:33,715 [INFO] players: API accessed: Full player list.
2024-12-11 04:47:04,332 [INFO] players: API accessed: Full player list.
2024-12-11 04:47:06,116 [INFO] players: API accessed: Full player list.
2024-12-11 04:47:08,957 [INFO] players: API accessed: Full player list.
2024-12-11 04:47:09,739 [INFO] players: API accessed: Full player list.
2024-12-11 04:47:14,996 [INFO] players: API accessed: Full player list.
2024-12-11 04:47:17,081 [INFO] players: API accessed: Full player list.
2024-12-11 04:47:17,787 [INFO] players: API accessed: Full player list.
2024-12-11 04:47:18,239 [INFO] players: API accessed: Full player list.
2024-12-11 04:47:18,672 [INFO] players: API accessed: Full player list.
2024-12-11 04:47:19,448 [INFO] players: API accessed: Full player list.
2024-12-11 04:47:21,098 [INFO] players: API accessed: Full player list.
2024-12-11 04:49:46,463 [INFO] players: API accessed: List of valuable players.
2024-12-11 04:49:46,484 [INFO] players: API accessed: List of young players.
2024-12-11 04:49:51,140 [INFO] players: API accessed: List of valuable players.
2024-12-11 04:49:51,165 [INFO] players: API accessed: List of young players.
2024-12-11 04:49:59,688 [INFO] players: API accessed: Full player list.
2024-12-11 04:50:36,397 [INFO] players: API accessed: Full player list.
2024-12-11 04:50:38,911 [INFO] players: API accessed: Full player list.
2024-12-11 04:50:38,978 [INFO] players: API accessed: Full player list.
2024-12-11 04:50:39,126 [INFO] players: API accessed: Full player list.
2024-12-11 04:50:39,220 [INFO] players: API accessed: Full player list.
2024-12-11 04:50:39,763 [INFO] players: API accessed: Full player list.
2024-12-11 04:50:39,971 [INFO] players: API accessed: Full player list.
2024-12-11 04:50:40,101 [INFO] players: API accessed: Full player list.
2024-12-11 04:50:40,256 [INFO] players: API accessed: Full player list.
2024-12-11 04:51:33,168 [INFO] players: API accessed: Full player list.
2024-12-11 04:51:33,325 [INFO] players: API accessed: Full player list.
2024-12-11 04:51:33,560 [INFO] players: API accessed: Full player list.
2024-12-11 04:51:33,634 [INFO] players: API accessed: Full player list.
2024-12-11 04:51:33,696 [INFO] players: API accessed: Full player list.
2024-12-11 04:51:33,819 [INFO] players: API accessed: Full player list.
2024-12-11 04:51:33,860 [INFO] players: API accessed: Full player list.
2024-12-11 04:52:18,108 [INFO] players: API accessed: Full player list.
2024-12-11 04:52:26,979 [INFO] players: API accessed: Full player list.
2024-12-11 04:52:27,353 [INFO] players: API accessed: Full player list.
2024-12-11 04:52:27,958 [INFO] players: API accessed: Full player list.
2024-12-11 04:52:28,279 [INFO] players: API accessed: Full player list.
2024-12-11 04:52:28,923 [INFO] players: API accessed: Full player list.
2024-12-11 04:53:13,395 [INFO] players: API accessed: Full player list.
2024-12-11 05:00:32,750 [INFO] players: API accessed: List of valuable players.
2024-12-11 05:00:32,791 [INFO] players: API accessed: List of young players.
2024-12-11 05:00:41,711 [INFO] players: API accessed: List of valuable players.
2024-12-11 05:00:41,748 [INFO] players: API accessed: List of young players.
2024-12-11 05:00:43,218 [INFO] players: API accessed: List of valuable players.
2024-12-11 05:00:43,233 [INFO] players: API accessed: List of young players.
2024-12-11 05:00:45,022 [INFO] players: API accessed: Full player list.
2024-12-11 05:04:03,556 [INFO] players: API accessed: Full player list.
2024-12-11 05:06:12,578 [INFO] players: API accessed: List of valuable players.
2024-12-11 05:06:12,612 [INFO] players: API accessed: List of young players.
2024-12-11 05:12:06,176 [INFO] players: API accessed: List of valuable players.
2024-12-11 05:12:06,213 [INFO] players: API accessed: List of young players.
2024-12-11 05:16:47,934 [INFO] players: API accessed: Full player list.
2024-12-11 05:16:51,119 [INFO] players: API accessed: List of valuable players.
2024-12-11 05:16:51,149 [INFO] players: API accessed: List of young players.
2024-12-11 05:25:32,502 [INFO] players: API accessed: Full player list.
2024-12-11 05:31:47,764 [INFO] players: API accessed: Full player list.
2024-12-11 05:32:02,717 [INFO] players: API accessed: List of valuable players.
2024-12-11 05:32:02,755 [INFO] players: API accessed: List of young players.
2024-12-11 05:32:07,383 [INFO] players: API accessed: Full player list.
2024-12-11 05:32:08,493 [INFO] players: API accessed: List of valuable players.
2024-12-11 05:32:08,526 [INFO] players: API accessed: List of young players.
2024-12-11 05:39:28,386 [INFO] players: API accessed: List of valuable players.
2024-12-11 05:39:28,419 [INFO] players: API accessed: List of young players.
2024-12-11 05:39:51,065 [INFO] players: API accessed: List of valuable players.
2024-12-11 05:39:51,094 [INFO] players: API accessed: List of young players.
2024-12-11 05:40:32,960 [INFO] players: API accessed: List of valuable players.
2024-12-11 05:40:32,985 [INFO] players: API accessed: List of young players.
2024-12-11 05:40:46,293 [INFO] players: API accessed: Full player list.
2024-12-11 05:40:57,285 [INFO] players: API accessed: List of valuable players.
2024-12-11 05:40:57,313 [INFO] players: API accessed: List of young players.
2024-12-11 05:41:08,445 [INFO] players: API accessed: Full player list.
2024-12-11 05:41:13,272 [INFO] players: API accessed: Full player list.
2024-12-11 05:41:16,175 [INFO] players: API accessed: Full player list.
2024-12-11 05:41:16,954 [INFO] players: API accessed: Full player list.
2024-12-11 05:41:18,036 [INFO] players: API accessed: Full player list.
2024-12-11 05:41:19,283 [INFO] players: API accessed: Full player list.
2024-12-11 05:41:21,404 [INFO] players: API accessed: Full player list.
2024-12-11 05:41:25,034 [INFO] players: API accessed: Full player list.
2024-12-11 05:41:25,412 [INFO] players: API accessed: Full player list.
2024-12-11 05:41:30,251 [INFO] players: API accessed: Full player list.
2024-12-11 05:41:30,407 [INFO] players: API accessed: Full player list.
2024-12-11 05:41:35,305 [INFO] players: API accessed: Full player list.
2024-12-11 05:41:40,499 [INFO] players: API accessed: List of valuable players.
2024-12-11 05:41:40,522 [INFO] players: API accessed: List of young players.
2024-12-11 05:41:57,772 [INFO] players: API accessed: Full player list.
2024-12-11 05:42:07,238 [INFO] players: API accessed: Full player list.
2024-12-11 05:42:08,704 [INFO] players: API accessed: Full player list.
2024-12-11 05:42:09,770 [INFO] players: API accessed: Full player list.
2024-12-11 05:42:10,635 [INFO] players: API accessed: Full player list.
2024-12-11 05:42:11,669 [INFO] players: API accessed: Full player list.
2024-12-11 05:42:14,153 [INFO] players: API accessed: Full player list.
2024-12-11 05:42:43,690 [INFO] players: API accessed: List of valuable players.
2024-12-11 05:42:43,719 [INFO] players: API accessed: List of young players.
2024-12-11 05:43:39,358 [INFO] players: API accessed: List of valuable players.
2024-12-11 05:43:39,389 [INFO] players: API accessed: List of young players.
2024-12-11 05:43:41,857 [INFO] players: API accessed: List of valuable players.
2024-12-11 05:43:41,888 [INFO] players: API accessed: List of young players.
2024-12-11 05:43:52,367 [INFO] players: API accessed: List of valuable players.
2024-12-11 05:43:52,397 [INFO] players: API accessed: List of young players.
2024-12-11 05:45:00,809 [INFO] players: API accessed: List of valuable players.
2024-12-11 05:45:00,847 [INFO] players: API accessed: List of young players.
2024-12-11 05:47:36,882 [INFO] players: Accessed home page: valuable and young players listed.
2024-12-11 05:48:16,670 [INFO] players: API accessed: List of valuable players.
2024-12-11 05:48:16,707 [INFO] players: API accessed: List of young players.
2024-12-11 05:48:20,402 [INFO] players: API accessed: Full player list.
2024-12-11 05:49:17,520 [INFO] players: API accessed: Full player list.
2024-12-11 05:49:33,411 [INFO] players: API accessed: Full player list.
2024-12-11 05:50:33,465 [INFO] players: API accessed: Full player list.
2024-12-11 05:50:53,137 [INFO] players: API accessed: Full player list.
2024-12-11 05:51:06,452 [INFO] players: Player details accessed: Vinicius Junior (ID: 164)
2024-12-11 05:51:10,519 [INFO] players: Player details accessed: Harry Kane (ID: 1)
2024-12-11 05:51:14,554 [INFO] players: API accessed: Full player list.
2024-12-11 05:51:18,873 [INFO] players: Player details accessed: Vinicius Junior (ID: 164)
2024-12-11 05:52:53,585 [INFO] players: Player details accessed: Vinicius Junior (ID: 164)
2024-12-11 05:53:13,448 [INFO] players: Player details accessed: Vinicius Junior (ID: 164)
2024-12-11 05:53:14,449 [INFO] players: Player details accessed: Vinicius Junior (ID: 164)
2024-12-11 05:53:55,758 [INFO] players: Accessed home page: valuable and young players listed.
2024-12-11 05:57:11,186 [INFO] players: Player details accessed: Vinicius Junior (ID: 164)
2024-12-11 05:58:44,007 [INFO] players: Player details accessed: Vinicius Junior (ID: 164)
2024-12-11 06:02:31,560 [INFO] players: API accessed: List of valuable players.
2024-12-11 06:02:31,591 [INFO] players: API accessed: List of young players.
2024-12-11 06:02:32,938 [INFO] players: API accessed: Full player list.
2024-12-11 06:14:54,106 [INFO] players: API accessed: List of valuable players.
2024-12-11 06:14:54,132 [INFO] players: API accessed: List of young players.
2024-12-11 06:19:23,426 [INFO] players: API accessed: List of valuable players.
2024-12-11 06:19:23,473 [INFO] players: API accessed: List of young players.
2024-12-11 06:21:14,458 [INFO] players: API accessed: List of valuable players.
2024-12-11 06:21:14,483 [INFO] players: API accessed: List of young players.
